<?xml version="1.0" encoding="UTF-8"?>
<!-- Generated by org.testng.reporters.JUnitReportReporter -->
<testsuite hostname="DESKTOP-39LFAIT" failures="0" tests="1" name="test.Booktest" time="6.817" errors="0" timestamp="2023-10-27T17:02:25 IST" skipped="0">
  <testcase classname="test.Booktest" name="testlogin" time="6.817"/>
</testsuite> <!-- test.Booktest -->
