<?xml version="1.0" encoding="UTF-8"?>
<!-- Generated by org.testng.reporters.JUnitReportReporter -->
<testsuite hostname="DESKTOP-39LFAIT" failures="0" tests="1" name="page.Ccv" time="3.015" errors="0" timestamp="2023-10-27T20:44:19 IST" skipped="0">
  <testcase classname="page.Ccv" name="test" time="3.015"/>
</testsuite> <!-- page.Ccv -->
