<?xml version="1.0" encoding="UTF-8"?>
<!-- Generated by org.testng.reporters.JUnitReportReporter -->
<testsuite hostname="DESKTOP-39LFAIT" failures="0" tests="1" name="page.link" time="5.303" errors="0" timestamp="2023-10-27T21:20:57 IST" skipped="0">
  <testcase classname="page.link" name="test" time="5.303"/>
</testsuite> <!-- page.link -->
