<?xml version="1.0" encoding="UTF-8"?>
<!-- Generated by org.testng.reporters.JUnitReportReporter -->
<testsuite hostname="DESKTOP-39LFAIT" failures="0" tests="1" name="page.Mousehvr" time="5.669" errors="0" timestamp="2023-10-27T17:02:25 IST" skipped="0">
  <testcase classname="page.Mousehvr" name="test1" time="5.669"/>
</testsuite> <!-- page.Mousehvr -->
