<?xml version="1.0" encoding="UTF-8"?>
<!-- Generated by org.testng.reporters.JUnitReportReporter -->
<testsuite hostname="DESKTOP-39LFAIT" failures="0" tests="1" name="page.ScreenShot" time="3.508" errors="0" timestamp="2023-10-27T20:45:23 IST" skipped="0">
  <testcase classname="page.ScreenShot" name="test1" time="3.508"/>
</testsuite> <!-- page.ScreenShot -->
